{"@timestamp":"2026-04-23T13:34:17.0034537Z","@version":"1","message":"Starting TransferServiceApplication using Java 21.0.8 with PID 9880 (C:\\Users\\sofya\\Desktop\\6.Spring Boot, deployment и инфраструктура\\КурсоойПроект\\Курсовая\\target\\classes started by sofya in C:\\Users\\sofya\\Desktop\\6.Spring Boot, deployment и инфраструктура\\КурсоойПроект\\Курсовая)","logger_name":"ru.netology.TransferServiceApplication","thread_name":"main","level":"INFO","level_value":20000}
{"@timestamp":"2026-04-23T13:34:17.4355048Z","@version":"1","message":"No active profile set, falling back to 1 default profile: \"default\"","logger_name":"ru.netology.TransferServiceApplication","thread_name":"main","level":"INFO","level_value":20000}
{"@timestamp":"2026-04-23T13:34:31.7705018Z","@version":"1","message":"Bootstrapping Spring Data JDBC repositories in DEFAULT mode.","logger_name":"org.springframework.data.repository.config.RepositoryConfigurationDelegate","thread_name":"main","level":"INFO","level_value":20000}
{"@timestamp":"2026-04-23T13:34:32.2864878Z","@version":"1","message":"Finished Spring Data repository scanning in 456 ms. Found 0 JDBC repository interfaces.","logger_name":"org.springframework.data.repository.config.RepositoryConfigurationDelegate","thread_name":"main","level":"INFO","level_value":20000}
{"@timestamp":"2026-04-23T13:34:43.977471Z","@version":"1","message":"Tomcat initialized with port 5500 (http)","logger_name":"org.springframework.boot.web.embedded.tomcat.TomcatWebServer","thread_name":"main","level":"INFO","level_value":20000}
{"@timestamp":"2026-04-23T13:34:44.1400312Z","@version":"1","message":"Starting service [Tomcat]","logger_name":"org.apache.catalina.core.StandardService","thread_name":"main","level":"INFO","level_value":20000}
{"@timestamp":"2026-04-23T13:34:44.1490344Z","@version":"1","message":"Starting Servlet engine: [Apache Tomcat/10.1.31]","logger_name":"org.apache.catalina.core.StandardEngine","thread_name":"main","level":"INFO","level_value":20000}
{"@timestamp":"2026-04-23T13:34:45.6162549Z","@version":"1","message":"Initializing Spring embedded WebApplicationContext","logger_name":"org.apache.catalina.core.ContainerBase.[Tomcat].[localhost].[/]","thread_name":"main","level":"INFO","level_value":20000}
{"@timestamp":"2026-04-23T13:34:45.6398536Z","@version":"1","message":"Root WebApplicationContext: initialization completed in 26618 ms","logger_name":"org.springframework.boot.web.servlet.context.ServletWebServerApplicationContext","thread_name":"main","level":"INFO","level_value":20000}
{"@timestamp":"2026-04-23T13:34:55.3094135Z","@version":"1","message":"HikariPool-1 - Starting...","logger_name":"com.zaxxer.hikari.HikariDataSource","thread_name":"main","level":"INFO","level_value":20000}
{"@timestamp":"2026-04-23T13:34:57.9840054Z","@version":"1","message":"HikariPool-1 - Added connection conn0: url=jdbc:h2:mem:6d7aff54-ffcc-4fe0-bcf1-6fd235ac04b0 user=SA","logger_name":"com.zaxxer.hikari.pool.HikariPool","thread_name":"main","level":"INFO","level_value":20000}
{"@timestamp":"2026-04-23T13:34:58.0000266Z","@version":"1","message":"HikariPool-1 - Start completed.","logger_name":"com.zaxxer.hikari.HikariDataSource","thread_name":"main","level":"INFO","level_value":20000}
{"@timestamp":"2026-04-23T13:35:00.0053831Z","@version":"1","message":"Tomcat started on port 5500 (http) with context path '/'","logger_name":"org.springframework.boot.web.embedded.tomcat.TomcatWebServer","thread_name":"main","level":"INFO","level_value":20000}
{"@timestamp":"2026-04-23T13:35:00.842911Z","@version":"1","message":"Started TransferServiceApplication in 51.055 seconds (process running for 56.113)","logger_name":"ru.netology.TransferServiceApplication","thread_name":"main","level":"INFO","level_value":20000}
{"@timestamp":"2026-04-23T13:37:05.7539932Z","@version":"1","message":"Initializing Spring DispatcherServlet 'dispatcherServlet'","logger_name":"org.apache.catalina.core.ContainerBase.[Tomcat].[localhost].[/]","thread_name":"http-nio-5500-exec-1","level":"INFO","level_value":20000}
{"@timestamp":"2026-04-23T13:37:05.8161301Z","@version":"1","message":"Initializing Servlet 'dispatcherServlet'","logger_name":"org.springframework.web.servlet.DispatcherServlet","thread_name":"http-nio-5500-exec-1","level":"INFO","level_value":20000}
{"@timestamp":"2026-04-23T13:37:05.9021283Z","@version":"1","message":"Completed initialization in 74 ms","logger_name":"org.springframework.web.servlet.DispatcherServlet","thread_name":"http-nio-5500-exec-1","level":"INFO","level_value":20000}
{"@timestamp":"2026-04-23T13:37:12.5915419Z","@version":"1","message":"Transfer operation: 2026-04-23 16:37:12 | From: ****8888 | To: ****4444 | Amount: 100000 RUR | Commission: 10,00 | Status: PENDING | OperationID: ac8a3e1d-574b-4608-8fdd-ac0973840776","logger_name":"ru.netology.service.LoggingServiceImpl","thread_name":"http-nio-5500-exec-2","level":"INFO","level_value":20000}
2026-04-23 16:37:12 | From: ****8888 | To: ****4444 | Amount: 100000 RUR | Commission: 10,00 | Status: PENDING | OperationID: ac8a3e1d-574b-4608-8fdd-ac0973840776
{"@timestamp":"2026-04-23T13:37:12.9644303Z","@version":"1","message":"Transfer operation: 2026-04-23 16:37:12 | From: ****8888 | To: ****4444 | Amount: 100000 RUR | Commission: 10,00 | Status: SUCCESS | OperationID: ac8a3e1d-574b-4608-8fdd-ac0973840776","logger_name":"ru.netology.service.LoggingServiceImpl","thread_name":"http-nio-5500-exec-4","level":"INFO","level_value":20000}
2026-04-23 16:37:12 | From: ****8888 | To: ****4444 | Amount: 100000 RUR | Commission: 10,00 | Status: SUCCESS | OperationID: ac8a3e1d-574b-4608-8fdd-ac0973840776
